<?xml version="1.0" encoding="UTF-8"?>
<testng-results skipped="0" failed="0" ignored="0" total="1" passed="1">
  <reporter-output>
    <line>
      <![CDATA[Test started]]>
    </line>
    <line>
      <![CDATA[Driver Closed]]>
    </line>
  </reporter-output>
  <suite name="Default suite" duration-ms="15277" started-at="2019-11-20T05:01:17Z" finished-at="2019-11-20T05:01:33Z">
    <groups>
    </groups>
    <test name="Default test" duration-ms="15277" started-at="2019-11-20T05:01:17Z" finished-at="2019-11-20T05:01:33Z">
      <class name="pkg.Class1">
        <test-method status="PASS" signature="tata()[pri:0, instance:pkg.Class1@c038203]" name="tata" duration-ms="15233" started-at="2019-11-20T05:01:18Z" finished-at="2019-11-20T05:01:33Z">
          <reporter-output>
            <line>
              <![CDATA[Test started]]>
            </line>
            <line>
              <![CDATA[Driver Closed]]>
            </line>
          </reporter-output>
        </test-method> <!-- tata -->
      </class> <!-- pkg.Class1 -->
    </test> <!-- Default test -->
  </suite> <!-- Default suite -->
</testng-results>
