<?xml version="1.0" encoding="UTF-8"?>
<testng-results skipped="0" failed="0" ignored="0" total="1" passed="1">
  <reporter-output>
  </reporter-output>
  <suite name="Default suite" duration-ms="2601" started-at="2019-11-20T12:33:40Z" finished-at="2019-11-20T12:33:43Z">
    <groups>
    </groups>
    <test name="Default test" duration-ms="2601" started-at="2019-11-20T12:33:40Z" finished-at="2019-11-20T12:33:43Z">
      <class name="pkg.ApiTest1">
        <test-method status="PASS" signature="FirstApiTest()[pri:0, instance:pkg.ApiTest1@6f7fd0e6]" name="FirstApiTest" duration-ms="2554" started-at="2019-11-20T12:33:40Z" finished-at="2019-11-20T12:33:43Z">
          <reporter-output>
          </reporter-output>
        </test-method> <!-- FirstApiTest -->
      </class> <!-- pkg.ApiTest1 -->
    </test> <!-- Default test -->
  </suite> <!-- Default suite -->
</testng-results>
